<?xml version="1.0" encoding="UTF-8"?>
<!-- Generated by org.testng.reporters.JUnitReportReporter -->
<testsuite hostname="LAPTOP-NV9STN54" failures="0" tests="1" name="testCases.TC_001_AccountRegisteration" time="4.037" errors="0" timestamp="2023-06-04T18:13:48 IST" skipped="0">
  <testcase classname="testCases.TC_001_AccountRegisteration" name="test_account_Registration" time="4.037"/>
  <system-out/>
</testsuite> <!-- testCases.TC_001_AccountRegisteration -->
