<?xml version="1.0" encoding="UTF-8"?>
<!-- Generated by org.testng.reporters.JUnitReportReporter -->
<testsuite hostname="LAPTOP-NV9STN54" failures="0" tests="1" name="pageObjects.RoughTestCase" time="4.339" errors="0" timestamp="2023-05-31T12:54:53 IST" skipped="0">
  <testcase classname="pageObjects.RoughTestCase" name="reg" time="4.339"/>
  <system-out/>
</testsuite> <!-- pageObjects.RoughTestCase -->
