<?xml version="1.0" encoding="UTF-8"?>
<!-- Generated by org.testng.reporters.JUnitReportReporter -->
<testsuite hostname="LAPTOP-NV9STN54" failures="0" tests="1" name="testCases.TC_002_LoginTest" time="1.195" errors="0" timestamp="2023-06-01T22:08:39 IST" skipped="0">
  <testcase classname="testCases.TC_002_LoginTest" name="test_login" time="1.195"/>
  <system-out/>
</testsuite> <!-- testCases.TC_002_LoginTest -->
