<?xml version="1.0" encoding="UTF-8"?>
<!-- Generated by org.testng.reporters.JUnitReportReporter -->
<testsuite hostname="LAPTOP-NV9STN54" failures="0" tests="1" name="testCases.TC_002_LoginTest" time="0.803" errors="0" timestamp="2023-06-07T13:43:21 IST" skipped="0">
  <testcase classname="testCases.TC_002_LoginTest" name="test_login" time="0.803"/>
</testsuite> <!-- testCases.TC_002_LoginTest -->
